<?xml version="1.0" encoding="UTF-8"?>
<testsuite name="com.creditsuisse.paint.CanvasTest" tests="4" skipped="0" failures="0" errors="0" timestamp="2020-05-11T17:33:05" hostname="somnath-Latitude-5480" time="0.005">
  <properties/>
  <testcase name="testDrawCanvas" classname="com.creditsuisse.paint.CanvasTest" time="0.001"/>
  <testcase name="testDrawRectangle" classname="com.creditsuisse.paint.CanvasTest" time="0.001"/>
  <testcase name="testDrawLine" classname="com.creditsuisse.paint.CanvasTest" time="0.001"/>
  <testcase name="testBucketFill" classname="com.creditsuisse.paint.CanvasTest" time="0.001"/>
  <system-out><![CDATA[]]></system-out>
  <system-err><![CDATA[]]></system-err>
</testsuite>
